<?xml version="1.0" encoding="UTF-8"?>
<testng-results ignored="0" total="2" passed="2" failed="0" skipped="0">
  <reporter-output>
    <line>
      <![CDATA[Hello]]>
    </line>
    <line>
      <![CDATA[hii]]>
    </line>
  </reporter-output>
  <suite started-at="2022-10-17T12:11:42 IST" name="Default suite" finished-at="2022-10-17T12:11:42 IST" duration-ms="51">
    <groups>
    </groups>
    <test started-at="2022-10-17T12:11:42 IST" name="Default test" finished-at="2022-10-17T12:11:42 IST" duration-ms="51">
      <class name="TestNGBasic.TestBasic">
        <test-method signature="TC1()[pri:0, instance:TestNGBasic.TestBasic@159f197]" started-at="2022-10-17T12:11:42 IST" name="TC1" finished-at="2022-10-17T12:11:42 IST" duration-ms="11" status="PASS">
          <reporter-output>
            <line>
              <![CDATA[Hello]]>
            </line>
          </reporter-output>
        </test-method> <!-- TC1 -->
        <test-method signature="TC2()[pri:0, instance:TestNGBasic.TestBasic@159f197]" started-at="2022-10-17T12:11:42 IST" name="TC2" finished-at="2022-10-17T12:11:42 IST" duration-ms="2" status="PASS">
          <reporter-output>
            <line>
              <![CDATA[hii]]>
            </line>
          </reporter-output>
        </test-method> <!-- TC2 -->
      </class> <!-- TestNGBasic.TestBasic -->
    </test> <!-- Default test -->
  </suite> <!-- Default suite -->
</testng-results>
